Using pre-set license
Built from '2022.3/staging' branch; Version is '2022.3.2f1 (d74737c6db50) revision 14108471'; Using compiler version '192829333'; Build Type 'Release'
OS: 'Windows 10  (10.0.19045) 64bit Core' Language: 'en' Physical Memory: 16269 MB
BatchMode: 1, IsHumanControllingUs: 0, StartBugReporterOnCrash: 0, Is64bit: 1, IsPro: 1

COMMAND LINE ARGUMENTS:
C:\Program Files\Unity\Hub\Editor\2022.3.2f1\Editor\Unity.exe
-adb2
-batchMode
-noUpm
-name
AssetImportWorker1
-projectPath
C:/Users/kstre/Desktop/School/Fourth Year University/Winter 2024/COMP 4900/Worley-Noise-Exploration/Assignment-1
-logFile
Logs/AssetImportWorker1.log
-srvPort
53648
Successfully changed project path to: C:/Users/kstre/Desktop/School/Fourth Year University/Winter 2024/COMP 4900/Worley-Noise-Exploration/Assignment-1
C:/Users/kstre/Desktop/School/Fourth Year University/Winter 2024/COMP 4900/Worley-Noise-Exploration/Assignment-1
[UnityMemory] Configuration Parameters - Can be set up in boot.config
    "memorysetup-bucket-allocator-granularity=16"
    "memorysetup-bucket-allocator-bucket-count=8"
    "memorysetup-bucket-allocator-block-size=33554432"
    "memorysetup-bucket-allocator-block-count=8"
    "memorysetup-main-allocator-block-size=16777216"
    "memorysetup-thread-allocator-block-size=16777216"
    "memorysetup-gfx-main-allocator-block-size=16777216"
    "memorysetup-gfx-thread-allocator-block-size=16777216"
    "memorysetup-cache-allocator-block-size=4194304"
    "memorysetup-typetree-allocator-block-size=2097152"
    "memorysetup-profiler-bucket-allocator-granularity=16"
    "memorysetup-profiler-bucket-allocator-bucket-count=8"
    "memorysetup-profiler-bucket-allocator-block-size=33554432"
    "memorysetup-profiler-bucket-allocator-block-count=8"
    "memorysetup-profiler-allocator-block-size=16777216"
    "memorysetup-profiler-editor-allocator-block-size=1048576"
    "memorysetup-temp-allocator-size-main=16777216"
    "memorysetup-job-temp-allocator-block-size=2097152"
    "memorysetup-job-temp-allocator-block-size-background=1048576"
    "memorysetup-job-temp-allocator-reduction-small-platforms=262144"
    "memorysetup-allocator-temp-initial-block-size-main=262144"
    "memorysetup-allocator-temp-initial-block-size-worker=262144"
    "memorysetup-temp-allocator-size-background-worker=32768"
    "memorysetup-temp-allocator-size-job-worker=262144"
    "memorysetup-temp-allocator-size-preload-manager=33554432"
    "memorysetup-temp-allocator-size-nav-mesh-worker=65536"
    "memorysetup-temp-allocator-size-audio-worker=65536"
    "memorysetup-temp-allocator-size-cloud-worker=32768"
    "memorysetup-temp-allocator-size-gi-baking-worker=262144"
    "memorysetup-temp-allocator-size-gfx=262144"
Player connection [1880] Host "[IP] 192.168.2.13 [Port] 0 [Flags] 2 [Guid] 3256213982 [EditorId] 3256213982 [Version] 1048832 [Id] WindowsEditor(7,DESKTOP-IST2G8A) [Debug] 1 [PackageName] WindowsEditor [ProjectName] Editor" joined multi-casting on [225.0.0.222:54997]...

Player connection [1880] Host "[IP] 192.168.2.13 [Port] 0 [Flags] 2 [Guid] 3256213982 [EditorId] 3256213982 [Version] 1048832 [Id] WindowsEditor(7,DESKTOP-IST2G8A) [Debug] 1 [PackageName] WindowsEditor [ProjectName] Editor" joined alternative multi-casting on [225.0.0.222:34997]...

Refreshing native plugins compatible for Editor in 13.27 ms, found 3 plugins.
Preloading 0 native plugins for Editor in 0.00 ms.
Initialize engine version: 2022.3.2f1 (d74737c6db50)
[Subsystems] Discovering subsystems at path C:/Program Files/Unity/Hub/Editor/2022.3.2f1/Editor/Data/Resources/UnitySubsystems
[Subsystems] Discovering subsystems at path C:/Users/kstre/Desktop/School/Fourth Year University/Winter 2024/COMP 4900/Worley-Noise-Exploration/Assignment-1/Assets
GfxDevice: creating device client; threaded=0; jobified=0
Direct3D:
    Version:  Direct3D 11.0 [level 11.1]
    Renderer: NVIDIA GeForce RTX 3060 (ID=0x2504)
    Vendor:   NVIDIA
    VRAM:     12129 MB
    Driver:   31.0.15.4665
Initialize mono
Mono path[0] = 'C:/Program Files/Unity/Hub/Editor/2022.3.2f1/Editor/Data/Managed'
Mono path[1] = 'C:/Program Files/Unity/Hub/Editor/2022.3.2f1/Editor/Data/MonoBleedingEdge/lib/mono/unityjit-win32'
Mono config path = 'C:/Program Files/Unity/Hub/Editor/2022.3.2f1/Editor/Data/MonoBleedingEdge/etc'
Using monoOptions --debugger-agent=transport=dt_socket,embedding=1,server=y,suspend=n,address=127.0.0.1:56748
Begin MonoManager ReloadAssembly
Registering precompiled unity dll's ...
Register platform support module: C:/Program Files/Unity/Hub/Editor/2022.3.2f1/Editor/Data/PlaybackEngines/WebGLSupport/UnityEditor.WebGL.Extensions.dll
Register platform support module: C:/Program Files/Unity/Hub/Editor/2022.3.2f1/Editor/Data/PlaybackEngines/WindowsStandaloneSupport/UnityEditor.WindowsStandalone.Extensions.dll
Registered in 0.013262 seconds.
- Loaded All Assemblies, in  0.348 seconds
Native extension for WindowsStandalone target not found
Native extension for WebGL target not found
Mono: successfully reloaded assembly
- Finished resetting the current domain, in  0.272 seconds
Domain Reload Profiling: 614ms
	BeginReloadAssembly (95ms)
		ExecutionOrderSort (0ms)
		DisableScriptedObjects (0ms)
		BackupInstance (0ms)
		ReleaseScriptingObjects (0ms)
		CreateAndSetChildDomain (1ms)
	RebuildCommonClasses (32ms)
	RebuildNativeTypeToScriptingClass (10ms)
	initialDomainReloadingComplete (70ms)
	LoadAllAssembliesAndSetupDomain (135ms)
		LoadAssemblies (91ms)
		RebuildTransferFunctionScriptingTraits (0ms)
		AnalyzeDomain (125ms)
			TypeCache.Refresh (124ms)
				TypeCache.ScanAssembly (111ms)
			ScanForSourceGeneratedMonoScriptInfo (0ms)
			ResolveRequiredComponents (0ms)
	FinalizeReload (272ms)
		ReleaseScriptCaches (0ms)
		RebuildScriptCaches (0ms)
		SetupLoadedEditorAssemblies (216ms)
			LogAssemblyErrors (0ms)
			InitializePlatformSupportModulesInManaged (11ms)
			SetLoadedEditorAssemblies (5ms)
			RefreshPlugins (0ms)
			BeforeProcessingInitializeOnLoad (2ms)
			ProcessInitializeOnLoadAttributes (140ms)
			ProcessInitializeOnLoadMethodAttributes (57ms)
			AfterProcessingInitializeOnLoad (0ms)
			EditorAssembliesLoaded (0ms)
		ExecutionOrderSort2 (0ms)
		AwakeInstancesAfterBackupRestoration (0ms)
========================================================================
Worker process is ready to serve import requests
Begin MonoManager ReloadAssembly
Symbol file LoadedFromMemory doesn't match image C:\Users\kstre\Desktop\School\Fourth Year University\Winter 2024\COMP 4900\Worley-Noise-Exploration\Assignment-1\Library\PackageCache\com.unity.visualscripting@1.8.0\Editor\VisualScripting.Core\Dependencies\YamlDotNet\Unity.VisualScripting.YamlDotNet.dll
Symbol file LoadedFromMemory doesn't match image C:\Users\kstre\Desktop\School\Fourth Year University\Winter 2024\COMP 4900\Worley-Noise-Exploration\Assignment-1\Library\PackageCache\com.unity.visualscripting@1.8.0\Editor\VisualScripting.Core\Dependencies\DotNetZip\Unity.VisualScripting.IonicZip.dll
- Loaded All Assemblies, in  0.807 seconds
Refreshing native plugins compatible for Editor in 4.77 ms, found 3 plugins.
Native extension for WindowsStandalone target not found
Native extension for WebGL target not found
Package Manager log level set to [2]
[Package Manager] Server::EnsureServerProcessIsRunning -- launch failed, reason: Unity was launched with the -noUpm command-line argument
[Package Manager] UpmClient::Send -- Unable to send message (not connected to UPM process).
[Package Manager] Cannot connect to Unity Package Manager local server
Mono: successfully reloaded assembly
- Finished resetting the current domain, in  0.480 seconds
Domain Reload Profiling: 1280ms
	BeginReloadAssembly (154ms)
		ExecutionOrderSort (0ms)
		DisableScriptedObjects (4ms)
		BackupInstance (0ms)
		ReleaseScriptingObjects (0ms)
		CreateAndSetChildDomain (32ms)
	RebuildCommonClasses (39ms)
	RebuildNativeTypeToScriptingClass (9ms)
	initialDomainReloadingComplete (47ms)
	LoadAllAssembliesAndSetupDomain (551ms)
		LoadAssemblies (345ms)
		RebuildTransferFunctionScriptingTraits (0ms)
		AnalyzeDomain (270ms)
			TypeCache.Refresh (257ms)
				TypeCache.ScanAssembly (243ms)
			ScanForSourceGeneratedMonoScriptInfo (10ms)
			ResolveRequiredComponents (3ms)
	FinalizeReload (480ms)
		ReleaseScriptCaches (0ms)
		RebuildScriptCaches (0ms)
		SetupLoadedEditorAssemblies (353ms)
			LogAssemblyErrors (0ms)
			InitializePlatformSupportModulesInManaged (9ms)
			SetLoadedEditorAssemblies (2ms)
			RefreshPlugins (0ms)
			BeforeProcessingInitializeOnLoad (54ms)
			ProcessInitializeOnLoadAttributes (263ms)
			ProcessInitializeOnLoadMethodAttributes (14ms)
			AfterProcessingInitializeOnLoad (11ms)
			EditorAssembliesLoaded (0ms)
		ExecutionOrderSort2 (0ms)
		AwakeInstancesAfterBackupRestoration (7ms)
Launched and connected shader compiler UnityShaderCompiler.exe after 0.05 seconds
Refreshing native plugins compatible for Editor in 4.58 ms, found 3 plugins.
Preloading 0 native plugins for Editor in 0.00 ms.
Unloading 3089 Unused Serialized files (Serialized files now loaded: 0)
Unloading 31 unused Assets / (57.4 KB). Loaded Objects now: 3554.
Memory consumption went from 126.9 MB to 126.8 MB.
Total: 2.435400 ms (FindLiveObjects: 0.221300 ms CreateObjectMapping: 0.133000 ms MarkObjects: 1.983700 ms  DeleteObjects: 0.096300 ms)

AssetImportParameters requested are different than current active one (requested -> active):
  custom:container-demuxer-ogg: 62fdf1f143b41e24485cea50d1cbac27 -> 
  custom:video-decoder-ogg-theora: a1e56fd34408186e4bbccfd4996cb3dc -> 
  custom:framework-win-MediaFoundation: 216162199b28c13a410421893ffa2e32 -> 
  custom:container-demuxer-webm: 4f35f7cbe854078d1ac9338744f61a02 -> 
  custom:container-muxer-webm: aa71ff27fc2769a1b78a27578f13a17b -> 
  custom:video-decoder-webm-vp8: 9c59270c3fd7afecdb556c50c9e8de78 -> 
  custom:AudioImporter_EditorPlatform: d09bf68614088b80899f8185d706f6e7 -> 
  custom:video-encoder-webm-vp8: eb34c28f22e8b96e1ab97ce403110664 -> 
  custom:audio-decoder-ogg-vorbis: bf7c407c2cedff20999df2af8eb42d56 -> 
  custom:audio-encoder-webm-vorbis: bf7c407c2cedff20999df2af8eb42d56 -> 
========================================================================
Received Import Request.
  Time since last request: 33944.791927 seconds.
  path: Assets/Color LUTs/cmocean_deep_labelbar.png
  artifactKey: Guid(9a88671594dea2548a8e0c7e99a217a5) Importer(815301076,1909f56bfc062723c751e8b465ee728b)
Start importing Assets/Color LUTs/cmocean_deep_labelbar.png using Guid(9a88671594dea2548a8e0c7e99a217a5) Importer(815301076,1909f56bfc062723c751e8b465ee728b)  -> (artifact id: 'c241d40c4e129a283aff3d2ce64e5df4') in 0.059892 seconds
Number of updated asset objects reloaded before import = 0
Number of asset objects unloaded after import = 2
========================================================================
Received Import Request.
  Time since last request: 0.000013 seconds.
  path: Assets/Color LUTs/MPL_BrBG_labelbar.png
  artifactKey: Guid(61dad477e7e1c9844a258a7cbc216857) Importer(815301076,1909f56bfc062723c751e8b465ee728b)
Start importing Assets/Color LUTs/MPL_BrBG_labelbar.png using Guid(61dad477e7e1c9844a258a7cbc216857) Importer(815301076,1909f56bfc062723c751e8b465ee728b)  -> (artifact id: 'a3d7eecba09ab9c7e44d6e1df79a7c35') in 0.011474 seconds
Number of updated asset objects reloaded before import = 0
Number of asset objects unloaded after import = 2
========================================================================
Received Import Request.
  Time since last request: 0.000015 seconds.
  path: Assets/Color LUTs/cmocean_matter_labelbar.500.png
  artifactKey: Guid(cb094889d3043d3429ed262d30616786) Importer(815301076,1909f56bfc062723c751e8b465ee728b)
Start importing Assets/Color LUTs/cmocean_matter_labelbar.500.png using Guid(cb094889d3043d3429ed262d30616786) Importer(815301076,1909f56bfc062723c751e8b465ee728b)  -> (artifact id: 'b9137b5be803754240bd3a8cf99a066d') in 0.033665 seconds
Number of updated asset objects reloaded before import = 0
Number of asset objects unloaded after import = 2
========================================================================
Received Import Request.
  Time since last request: 0.000012 seconds.
  path: Assets/Color LUTs/MPL_Greens_labelbar.png
  artifactKey: Guid(1aa12560a7eb0a649b8946c75e3a9668) Importer(815301076,1909f56bfc062723c751e8b465ee728b)
Start importing Assets/Color LUTs/MPL_Greens_labelbar.png using Guid(1aa12560a7eb0a649b8946c75e3a9668) Importer(815301076,1909f56bfc062723c751e8b465ee728b)  -> (artifact id: 'e1c4895f35d2f1ac45472c9040be9160') in 0.029962 seconds
Number of updated asset objects reloaded before import = 0
Number of asset objects unloaded after import = 2
========================================================================
Received Import Request.
  Time since last request: 0.587682 seconds.
  path: Assets/Materials/Test.mat
  artifactKey: Guid(c6967531148cbfe4bb2fea3178b30dcc) Importer(815301076,1909f56bfc062723c751e8b465ee728b)
Start importing Assets/Materials/Test.mat using Guid(c6967531148cbfe4bb2fea3178b30dcc) Importer(815301076,1909f56bfc062723c751e8b465ee728b)  -> (artifact id: '7d5e2c517e89605be893b65d9de57a0c') in 0.073481 seconds
Number of updated asset objects reloaded before import = 0
Number of asset objects unloaded after import = 1
========================================================================
Received Import Request.
  Time since last request: 1.213260 seconds.
  path: Assets/Materials/Texture Variations/D2-D1-Layered.mat
  artifactKey: Guid(7281ae6b607084c419ad68d99e0a3d18) Importer(815301076,1909f56bfc062723c751e8b465ee728b)
Start importing Assets/Materials/Texture Variations/D2-D1-Layered.mat using Guid(7281ae6b607084c419ad68d99e0a3d18) Importer(815301076,1909f56bfc062723c751e8b465ee728b)  -> (artifact id: '1aff01ed6b7e50a3edd9e5b228f0843c') in 0.403351 seconds
Number of updated asset objects reloaded before import = 0
Number of asset objects unloaded after import = 2
========================================================================
Received Import Request.
  Time since last request: 0.000034 seconds.
  path: Assets/Materials/Texture Variations/Var6-Clouds.mat
  artifactKey: Guid(619cf3b178ce6f449916fe461e51d9d4) Importer(815301076,1909f56bfc062723c751e8b465ee728b)
Start importing Assets/Materials/Texture Variations/Var6-Clouds.mat using Guid(619cf3b178ce6f449916fe461e51d9d4) Importer(815301076,1909f56bfc062723c751e8b465ee728b)  -> (artifact id: 'fe837133a1df448413733ea8c8590335') in 0.248767 seconds
Number of updated asset objects reloaded before import = 0
Number of asset objects unloaded after import = 1
========================================================================
Received Import Request.
  Time since last request: 0.000052 seconds.
  path: Assets/Materials/Texture Variations/Var1-Caustics.mat
  artifactKey: Guid(0239226f22d682e4e9ac7b500875d2d4) Importer(815301076,1909f56bfc062723c751e8b465ee728b)
Start importing Assets/Materials/Texture Variations/Var1-Caustics.mat using Guid(0239226f22d682e4e9ac7b500875d2d4) Importer(815301076,1909f56bfc062723c751e8b465ee728b)  -> (artifact id: 'c39f5b738c15338ee3ac1ed0cfa48a51') in 0.296959 seconds
Number of updated asset objects reloaded before import = 0
Number of asset objects unloaded after import = 2
========================================================================
Received Import Request.
  Time since last request: 0.000016 seconds.
  path: Assets/Materials/Texture Variations/Var9.mat
  artifactKey: Guid(d644b1f0adcbe814cbcbb4c253d7492d) Importer(815301076,1909f56bfc062723c751e8b465ee728b)
Start importing Assets/Materials/Texture Variations/Var9.mat using Guid(d644b1f0adcbe814cbcbb4c253d7492d) Importer(815301076,1909f56bfc062723c751e8b465ee728b)  -> (artifact id: '331ce18dfb23353bf8c21eb2258c7176') in 0.191122 seconds
Number of updated asset objects reloaded before import = 0
Number of asset objects unloaded after import = 2
========================================================================
Received Import Request.
  Time since last request: 0.000029 seconds.
  path: Assets/Materials/Texture Variations/Var1-Eww.mat
  artifactKey: Guid(e3041f489e0d3d246be6741d2c59bc08) Importer(815301076,1909f56bfc062723c751e8b465ee728b)
Start importing Assets/Materials/Texture Variations/Var1-Eww.mat using Guid(e3041f489e0d3d246be6741d2c59bc08) Importer(815301076,1909f56bfc062723c751e8b465ee728b)  -> (artifact id: '1e1a9cc708acb8768a5641d218d712fe') in 0.163893 seconds
Number of updated asset objects reloaded before import = 0
Number of asset objects unloaded after import = 2
========================================================================
Received Import Request.
  Time since last request: 0.000052 seconds.
  path: Assets/Materials/Texture Variations/Var2-2-Cystal.mat
  artifactKey: Guid(1a4bfdacd7a5fd04391566a60043717b) Importer(815301076,1909f56bfc062723c751e8b465ee728b)
Start importing Assets/Materials/Texture Variations/Var2-2-Cystal.mat using Guid(1a4bfdacd7a5fd04391566a60043717b) Importer(815301076,1909f56bfc062723c751e8b465ee728b)  -> (artifact id: '0fc3444cefd09c2e071741dbf9b5d9f7') in 0.180374 seconds
Number of updated asset objects reloaded before import = 0
Number of asset objects unloaded after import = 2
========================================================================
Received Import Request.
  Time since last request: 0.000016 seconds.
  path: Assets/Materials/Texture Variations/Var1-2-Sky.mat
  artifactKey: Guid(36c08547e9239e14c979cb2d7c711ebf) Importer(815301076,1909f56bfc062723c751e8b465ee728b)
Start importing Assets/Materials/Texture Variations/Var1-2-Sky.mat using Guid(36c08547e9239e14c979cb2d7c711ebf) Importer(815301076,1909f56bfc062723c751e8b465ee728b)  -> (artifact id: '8328ad1eb8e994f15ee725f1cd09d274') in 0.188619 seconds
Number of updated asset objects reloaded before import = 0
Number of asset objects unloaded after import = 2
========================================================================
Received Import Request.
  Time since last request: 0.000029 seconds.
  path: Assets/Materials/Texture Variations/Var6-2-Moss.mat
  artifactKey: Guid(d9dbb72acf3265949bbc1f242ac34ba1) Importer(815301076,1909f56bfc062723c751e8b465ee728b)
Start importing Assets/Materials/Texture Variations/Var6-2-Moss.mat using Guid(d9dbb72acf3265949bbc1f242ac34ba1) Importer(815301076,1909f56bfc062723c751e8b465ee728b)  -> (artifact id: '792b826b7e93d8fd46cf8059723158f1') in 0.224842 seconds
Number of updated asset objects reloaded before import = 0
Number of asset objects unloaded after import = 2
