Using pre-set license
Built from '2022.3/staging' branch; Version is '2022.3.2f1 (d74737c6db50) revision 14108471'; Using compiler version '192829333'; Build Type 'Release'
OS: 'Windows 10  (10.0.19045) 64bit Core' Language: 'en' Physical Memory: 16269 MB
BatchMode: 1, IsHumanControllingUs: 0, StartBugReporterOnCrash: 0, Is64bit: 1, IsPro: 1

COMMAND LINE ARGUMENTS:
C:\Program Files\Unity\Hub\Editor\2022.3.2f1\Editor\Unity.exe
-adb2
-batchMode
-noUpm
-name
AssetImportWorker2
-projectPath
C:/Users/kstre/Desktop/School/Fourth Year University/Winter 2024/COMP 4900/Worley-Noise-Exploration/Assignment-1
-logFile
Logs/AssetImportWorker2.log
-srvPort
59013
Successfully changed project path to: C:/Users/kstre/Desktop/School/Fourth Year University/Winter 2024/COMP 4900/Worley-Noise-Exploration/Assignment-1
C:/Users/kstre/Desktop/School/Fourth Year University/Winter 2024/COMP 4900/Worley-Noise-Exploration/Assignment-1
[UnityMemory] Configuration Parameters - Can be set up in boot.config
    "memorysetup-bucket-allocator-granularity=16"
    "memorysetup-bucket-allocator-bucket-count=8"
    "memorysetup-bucket-allocator-block-size=33554432"
    "memorysetup-bucket-allocator-block-count=8"
    "memorysetup-main-allocator-block-size=16777216"
    "memorysetup-thread-allocator-block-size=16777216"
    "memorysetup-gfx-main-allocator-block-size=16777216"
    "memorysetup-gfx-thread-allocator-block-size=16777216"
    "memorysetup-cache-allocator-block-size=4194304"
    "memorysetup-typetree-allocator-block-size=2097152"
    "memorysetup-profiler-bucket-allocator-granularity=16"
    "memorysetup-profiler-bucket-allocator-bucket-count=8"
    "memorysetup-profiler-bucket-allocator-block-size=33554432"
    "memorysetup-profiler-bucket-allocator-block-count=8"
    "memorysetup-profiler-allocator-block-size=16777216"
    "memorysetup-profiler-editor-allocator-block-size=1048576"
    "memorysetup-temp-allocator-size-main=16777216"
    "memorysetup-job-temp-allocator-block-size=2097152"
    "memorysetup-job-temp-allocator-block-size-background=1048576"
    "memorysetup-job-temp-allocator-reduction-small-platforms=262144"
    "memorysetup-allocator-temp-initial-block-size-main=262144"
    "memorysetup-allocator-temp-initial-block-size-worker=262144"
    "memorysetup-temp-allocator-size-background-worker=32768"
    "memorysetup-temp-allocator-size-job-worker=262144"
    "memorysetup-temp-allocator-size-preload-manager=33554432"
    "memorysetup-temp-allocator-size-nav-mesh-worker=65536"
    "memorysetup-temp-allocator-size-audio-worker=65536"
    "memorysetup-temp-allocator-size-cloud-worker=32768"
    "memorysetup-temp-allocator-size-gi-baking-worker=262144"
    "memorysetup-temp-allocator-size-gfx=262144"
Player connection [18332] Host "[IP] 192.168.2.13 [Port] 0 [Flags] 2 [Guid] 2295707418 [EditorId] 2295707418 [Version] 1048832 [Id] WindowsEditor(7,DESKTOP-IST2G8A) [Debug] 1 [PackageName] WindowsEditor [ProjectName] Editor" joined multi-casting on [225.0.0.222:54997]...

Player connection [18332] Host "[IP] 192.168.2.13 [Port] 0 [Flags] 2 [Guid] 2295707418 [EditorId] 2295707418 [Version] 1048832 [Id] WindowsEditor(7,DESKTOP-IST2G8A) [Debug] 1 [PackageName] WindowsEditor [ProjectName] Editor" joined alternative multi-casting on [225.0.0.222:34997]...

Refreshing native plugins compatible for Editor in 13.56 ms, found 3 plugins.
Preloading 0 native plugins for Editor in 0.00 ms.
Initialize engine version: 2022.3.2f1 (d74737c6db50)
[Subsystems] Discovering subsystems at path C:/Program Files/Unity/Hub/Editor/2022.3.2f1/Editor/Data/Resources/UnitySubsystems
[Subsystems] Discovering subsystems at path C:/Users/kstre/Desktop/School/Fourth Year University/Winter 2024/COMP 4900/Worley-Noise-Exploration/Assignment-1/Assets
GfxDevice: creating device client; threaded=0; jobified=0
Direct3D:
    Version:  Direct3D 11.0 [level 11.1]
    Renderer: NVIDIA GeForce RTX 3060 (ID=0x2504)
    Vendor:   NVIDIA
    VRAM:     12129 MB
    Driver:   31.0.15.4665
Initialize mono
Mono path[0] = 'C:/Program Files/Unity/Hub/Editor/2022.3.2f1/Editor/Data/Managed'
Mono path[1] = 'C:/Program Files/Unity/Hub/Editor/2022.3.2f1/Editor/Data/MonoBleedingEdge/lib/mono/unityjit-win32'
Mono config path = 'C:/Program Files/Unity/Hub/Editor/2022.3.2f1/Editor/Data/MonoBleedingEdge/etc'
Using monoOptions --debugger-agent=transport=dt_socket,embedding=1,server=y,suspend=n,address=127.0.0.1:56384
Begin MonoManager ReloadAssembly
Registering precompiled unity dll's ...
Register platform support module: C:/Program Files/Unity/Hub/Editor/2022.3.2f1/Editor/Data/PlaybackEngines/WebGLSupport/UnityEditor.WebGL.Extensions.dll
Register platform support module: C:/Program Files/Unity/Hub/Editor/2022.3.2f1/Editor/Data/PlaybackEngines/WindowsStandaloneSupport/UnityEditor.WindowsStandalone.Extensions.dll
Registered in 0.011055 seconds.
- Loaded All Assemblies, in  0.281 seconds
Native extension for WindowsStandalone target not found
Native extension for WebGL target not found
Mono: successfully reloaded assembly
- Finished resetting the current domain, in  0.210 seconds
Domain Reload Profiling: 488ms
	BeginReloadAssembly (79ms)
		ExecutionOrderSort (0ms)
		DisableScriptedObjects (0ms)
		BackupInstance (0ms)
		ReleaseScriptingObjects (0ms)
		CreateAndSetChildDomain (1ms)
	RebuildCommonClasses (27ms)
	RebuildNativeTypeToScriptingClass (8ms)
	initialDomainReloadingComplete (57ms)
	LoadAllAssembliesAndSetupDomain (108ms)
		LoadAssemblies (75ms)
		RebuildTransferFunctionScriptingTraits (0ms)
		AnalyzeDomain (100ms)
			TypeCache.Refresh (100ms)
				TypeCache.ScanAssembly (90ms)
			ScanForSourceGeneratedMonoScriptInfo (0ms)
			ResolveRequiredComponents (0ms)
	FinalizeReload (210ms)
		ReleaseScriptCaches (0ms)
		RebuildScriptCaches (0ms)
		SetupLoadedEditorAssemblies (166ms)
			LogAssemblyErrors (0ms)
			InitializePlatformSupportModulesInManaged (9ms)
			SetLoadedEditorAssemblies (4ms)
			RefreshPlugins (0ms)
			BeforeProcessingInitializeOnLoad (2ms)
			ProcessInitializeOnLoadAttributes (107ms)
			ProcessInitializeOnLoadMethodAttributes (43ms)
			AfterProcessingInitializeOnLoad (0ms)
			EditorAssembliesLoaded (0ms)
		ExecutionOrderSort2 (0ms)
		AwakeInstancesAfterBackupRestoration (0ms)
========================================================================
Worker process is ready to serve import requests
Begin MonoManager ReloadAssembly
Symbol file LoadedFromMemory doesn't match image C:\Users\kstre\Desktop\School\Fourth Year University\Winter 2024\COMP 4900\Worley-Noise-Exploration\Assignment-1\Library\PackageCache\com.unity.visualscripting@1.8.0\Editor\VisualScripting.Core\Dependencies\YamlDotNet\Unity.VisualScripting.YamlDotNet.dll
Symbol file LoadedFromMemory doesn't match image C:\Users\kstre\Desktop\School\Fourth Year University\Winter 2024\COMP 4900\Worley-Noise-Exploration\Assignment-1\Library\PackageCache\com.unity.visualscripting@1.8.0\Editor\VisualScripting.Core\Dependencies\DotNetZip\Unity.VisualScripting.IonicZip.dll
- Loaded All Assemblies, in  0.583 seconds
Refreshing native plugins compatible for Editor in 4.45 ms, found 3 plugins.
Native extension for WindowsStandalone target not found
Native extension for WebGL target not found
Package Manager log level set to [2]
[Package Manager] Server::EnsureServerProcessIsRunning -- launch failed, reason: Unity was launched with the -noUpm command-line argument
[Package Manager] UpmClient::Send -- Unable to send message (not connected to UPM process).
[Package Manager] Cannot connect to Unity Package Manager local server
Mono: successfully reloaded assembly
- Finished resetting the current domain, in  0.429 seconds
Domain Reload Profiling: 1007ms
	BeginReloadAssembly (104ms)
		ExecutionOrderSort (0ms)
		DisableScriptedObjects (4ms)
		BackupInstance (0ms)
		ReleaseScriptingObjects (0ms)
		CreateAndSetChildDomain (16ms)
	RebuildCommonClasses (24ms)
	RebuildNativeTypeToScriptingClass (8ms)
	initialDomainReloadingComplete (40ms)
	LoadAllAssembliesAndSetupDomain (402ms)
		LoadAssemblies (246ms)
		RebuildTransferFunctionScriptingTraits (0ms)
		AnalyzeDomain (203ms)
			TypeCache.Refresh (191ms)
				TypeCache.ScanAssembly (182ms)
			ScanForSourceGeneratedMonoScriptInfo (10ms)
			ResolveRequiredComponents (3ms)
	FinalizeReload (429ms)
		ReleaseScriptCaches (0ms)
		RebuildScriptCaches (0ms)
		SetupLoadedEditorAssemblies (310ms)
			LogAssemblyErrors (0ms)
			InitializePlatformSupportModulesInManaged (7ms)
			SetLoadedEditorAssemblies (2ms)
			RefreshPlugins (0ms)
			BeforeProcessingInitializeOnLoad (50ms)
			ProcessInitializeOnLoadAttributes (226ms)
			ProcessInitializeOnLoadMethodAttributes (14ms)
			AfterProcessingInitializeOnLoad (10ms)
			EditorAssembliesLoaded (0ms)
		ExecutionOrderSort2 (0ms)
		AwakeInstancesAfterBackupRestoration (8ms)
Launched and connected shader compiler UnityShaderCompiler.exe after 0.05 seconds
Refreshing native plugins compatible for Editor in 6.24 ms, found 3 plugins.
Preloading 0 native plugins for Editor in 0.00 ms.
Unloading 3079 Unused Serialized files (Serialized files now loaded: 0)
Unloading 31 unused Assets / (57.5 KB). Loaded Objects now: 3544.
Memory consumption went from 121.3 MB to 121.2 MB.
Total: 3.527900 ms (FindLiveObjects: 0.293000 ms CreateObjectMapping: 0.174300 ms MarkObjects: 2.902300 ms  DeleteObjects: 0.157100 ms)

AssetImportParameters requested are different than current active one (requested -> active):
  custom:container-demuxer-ogg: 62fdf1f143b41e24485cea50d1cbac27 -> 
  custom:video-decoder-ogg-theora: a1e56fd34408186e4bbccfd4996cb3dc -> 
  custom:framework-win-MediaFoundation: 216162199b28c13a410421893ffa2e32 -> 
  custom:container-demuxer-webm: 4f35f7cbe854078d1ac9338744f61a02 -> 
  custom:container-muxer-webm: aa71ff27fc2769a1b78a27578f13a17b -> 
  custom:video-decoder-webm-vp8: 9c59270c3fd7afecdb556c50c9e8de78 -> 
  custom:AudioImporter_EditorPlatform: d09bf68614088b80899f8185d706f6e7 -> 
  custom:video-encoder-webm-vp8: eb34c28f22e8b96e1ab97ce403110664 -> 
  custom:audio-decoder-ogg-vorbis: bf7c407c2cedff20999df2af8eb42d56 -> 
  custom:audio-encoder-webm-vorbis: bf7c407c2cedff20999df2af8eb42d56 -> 
========================================================================
Received Prepare
Refreshing native plugins compatible for Editor in 4.60 ms, found 3 plugins.
Preloading 0 native plugins for Editor in 0.00 ms.
Unloading 1 Unused Serialized files (Serialized files now loaded: 0)
Unloading 1 unused Assets / (3.0 KB). Loaded Objects now: 3544.
Memory consumption went from 71.1 MB to 71.1 MB.
Total: 2.126700 ms (FindLiveObjects: 0.191100 ms CreateObjectMapping: 0.092000 ms MarkObjects: 1.820500 ms  DeleteObjects: 0.022300 ms)

Prepare: number of updated asset objects reloaded= 0
AssetImportParameters requested are different than current active one (requested -> active):
  custom:container-demuxer-ogg: 62fdf1f143b41e24485cea50d1cbac27 -> 
  custom:video-decoder-ogg-theora: a1e56fd34408186e4bbccfd4996cb3dc -> 
  custom:framework-win-MediaFoundation: 216162199b28c13a410421893ffa2e32 -> 
  custom:container-demuxer-webm: 4f35f7cbe854078d1ac9338744f61a02 -> 
  custom:container-muxer-webm: aa71ff27fc2769a1b78a27578f13a17b -> 
  custom:video-decoder-webm-vp8: 9c59270c3fd7afecdb556c50c9e8de78 -> 
  custom:SearchIndexIgnoredProperties: e643bd26f0fe6173181afceb89e7c659 -> 
  custom:AudioImporter_EditorPlatform: d09bf68614088b80899f8185d706f6e7 -> 
  custom:video-encoder-webm-vp8: eb34c28f22e8b96e1ab97ce403110664 -> 
  custom:audio-decoder-ogg-vorbis: bf7c407c2cedff20999df2af8eb42d56 -> 
  custom:audio-encoder-webm-vorbis: bf7c407c2cedff20999df2af8eb42d56 -> 
========================================================================
Received Import Request.
  Time since last request: 191197.444928 seconds.
  path: Assets/Materials/Var1-2.mat
  artifactKey: Guid(36c08547e9239e14c979cb2d7c711ebf) Importer(815301076,1909f56bfc062723c751e8b465ee728b)
Start importing Assets/Materials/Var1-2.mat using Guid(36c08547e9239e14c979cb2d7c711ebf) Importer(815301076,1909f56bfc062723c751e8b465ee728b)  -> (artifact id: '2c4a4316f42cecc61c425a44c3781434') in 0.076909 seconds
Number of updated asset objects reloaded before import = 0
Number of asset objects unloaded after import = 2
========================================================================
Received Import Request.
  Time since last request: 78.298771 seconds.
  path: Assets/Materials/Var1-2.mat
  artifactKey: Guid(36c08547e9239e14c979cb2d7c711ebf) Importer(815301076,1909f56bfc062723c751e8b465ee728b)
Start importing Assets/Materials/Var1-2.mat using Guid(36c08547e9239e14c979cb2d7c711ebf) Importer(815301076,1909f56bfc062723c751e8b465ee728b)  -> (artifact id: 'aee7dccbe18a5d255ad09e5ae5d6a8d4') in 0.014135 seconds
Number of updated asset objects reloaded before import = 0
Number of asset objects unloaded after import = 2
========================================================================
Received Import Request.
  Time since last request: 0.970944 seconds.
  path: Assets/Materials/Var1-2.mat
  artifactKey: Guid(36c08547e9239e14c979cb2d7c711ebf) Importer(2089858483,0ecaa5967403d082aa24f35e1b516d23)
Start importing Assets/Materials/Var1-2.mat using Guid(36c08547e9239e14c979cb2d7c711ebf) Importer(2089858483,0ecaa5967403d082aa24f35e1b516d23) Generated GUIDs only implemented for interfaces!
 -> (artifact id: '661d00dff905dbdc6d51df368cc8d682') in 0.069508 seconds
Number of updated asset objects reloaded before import = 0
Number of asset objects unloaded after import = 2
========================================================================
Received Prepare
Begin MonoManager ReloadAssembly
Symbol file LoadedFromMemory doesn't match image C:\Users\kstre\Desktop\School\Fourth Year University\Winter 2024\COMP 4900\Worley-Noise-Exploration\Assignment-1\Library\PackageCache\com.unity.visualscripting@1.8.0\Editor\VisualScripting.Core\Dependencies\YamlDotNet\Unity.VisualScripting.YamlDotNet.dll
Symbol file LoadedFromMemory doesn't match image C:\Users\kstre\Desktop\School\Fourth Year University\Winter 2024\COMP 4900\Worley-Noise-Exploration\Assignment-1\Library\PackageCache\com.unity.visualscripting@1.8.0\Editor\VisualScripting.Core\Dependencies\DotNetZip\Unity.VisualScripting.IonicZip.dll
- Loaded All Assemblies, in  0.643 seconds
Refreshing native plugins compatible for Editor in 6.38 ms, found 3 plugins.
Native extension for WindowsStandalone target not found
Native extension for WebGL target not found
[Package Manager] Server::EnsureServerProcessIsRunning -- launch failed, reason: Unity was launched with the -noUpm command-line argument
[Package Manager] UpmClient::Send -- Unable to send message (not connected to UPM process).
[Package Manager] Cannot connect to Unity Package Manager local server
Mono: successfully reloaded assembly
- Finished resetting the current domain, in  1.196 seconds
Domain Reload Profiling: 1833ms
	BeginReloadAssembly (126ms)
		ExecutionOrderSort (0ms)
		DisableScriptedObjects (3ms)
		BackupInstance (0ms)
		ReleaseScriptingObjects (0ms)
		CreateAndSetChildDomain (31ms)
	RebuildCommonClasses (26ms)
	RebuildNativeTypeToScriptingClass (8ms)
	initialDomainReloadingComplete (29ms)
	LoadAllAssembliesAndSetupDomain (448ms)
		LoadAssemblies (256ms)
		RebuildTransferFunctionScriptingTraits (0ms)
		AnalyzeDomain (243ms)
			TypeCache.Refresh (239ms)
				TypeCache.ScanAssembly (227ms)
			ScanForSourceGeneratedMonoScriptInfo (0ms)
			ResolveRequiredComponents (4ms)
	FinalizeReload (1196ms)
		ReleaseScriptCaches (0ms)
		RebuildScriptCaches (0ms)
		SetupLoadedEditorAssemblies (381ms)
			LogAssemblyErrors (0ms)
			InitializePlatformSupportModulesInManaged (12ms)
			SetLoadedEditorAssemblies (4ms)
			RefreshPlugins (0ms)
			BeforeProcessingInitializeOnLoad (86ms)
			ProcessInitializeOnLoadAttributes (248ms)
			ProcessInitializeOnLoadMethodAttributes (17ms)
			AfterProcessingInitializeOnLoad (13ms)
			EditorAssembliesLoaded (0ms)
		ExecutionOrderSort2 (0ms)
		AwakeInstancesAfterBackupRestoration (9ms)
Refreshing native plugins compatible for Editor in 5.81 ms, found 3 plugins.
Preloading 0 native plugins for Editor in 0.00 ms.
Unloading 3063 Unused Serialized files (Serialized files now loaded: 0)
Unloading 22 unused Assets / (30.6 KB). Loaded Objects now: 3588.
Memory consumption went from 122.9 MB to 122.9 MB.
Total: 2.529300 ms (FindLiveObjects: 0.269100 ms CreateObjectMapping: 0.113700 ms MarkObjects: 2.094100 ms  DeleteObjects: 0.051300 ms)

Prepare: number of updated asset objects reloaded= 0
AssetImportParameters requested are different than current active one (requested -> active):
  custom:container-demuxer-ogg: 62fdf1f143b41e24485cea50d1cbac27 -> 
  custom:video-decoder-ogg-theora: a1e56fd34408186e4bbccfd4996cb3dc -> 
  custom:framework-win-MediaFoundation: 216162199b28c13a410421893ffa2e32 -> 
  custom:container-demuxer-webm: 4f35f7cbe854078d1ac9338744f61a02 -> 
  custom:container-muxer-webm: aa71ff27fc2769a1b78a27578f13a17b -> 
  custom:video-decoder-webm-vp8: 9c59270c3fd7afecdb556c50c9e8de78 -> 
  custom:SearchIndexIgnoredProperties: e643bd26f0fe6173181afceb89e7c659 -> 
  custom:AudioImporter_EditorPlatform: d09bf68614088b80899f8185d706f6e7 -> 
  custom:video-encoder-webm-vp8: eb34c28f22e8b96e1ab97ce403110664 -> 
  custom:audio-decoder-ogg-vorbis: bf7c407c2cedff20999df2af8eb42d56 -> 
  custom:audio-encoder-webm-vorbis: bf7c407c2cedff20999df2af8eb42d56 -> 
========================================================================
Received Import Request.
  Time since last request: 153.070686 seconds.
  path: Assets/Materials/Var1-2.mat
  artifactKey: Guid(36c08547e9239e14c979cb2d7c711ebf) Importer(815301076,1909f56bfc062723c751e8b465ee728b)
Start importing Assets/Materials/Var1-2.mat using Guid(36c08547e9239e14c979cb2d7c711ebf) Importer(815301076,1909f56bfc062723c751e8b465ee728b)  -> (artifact id: 'c99e609baedb6b1b686a1becb227f0e8') in 0.204089 seconds
Number of updated asset objects reloaded before import = 1
Number of asset objects unloaded after import = 2
========================================================================
Received Import Request.
  Time since last request: 5.253201 seconds.
  path: Assets/Shaders/WorleyTexVar7 1.shader
  artifactKey: Guid(6e3926b27f258fa43a58dcdd15f3bbd9) Importer(815301076,1909f56bfc062723c751e8b465ee728b)
Start importing Assets/Shaders/WorleyTexVar7 1.shader using Guid(6e3926b27f258fa43a58dcdd15f3bbd9) Importer(815301076,1909f56bfc062723c751e8b465ee728b)  -> (artifact id: 'b408295b0ee076597f7591a14249ac3a') in 0.001779 seconds
Number of updated asset objects reloaded before import = 0
Number of asset objects unloaded after import = 1
========================================================================
Received Import Request.
  Time since last request: 9.468226 seconds.
  path: Assets/Shaders/WorleyTexVar6 1.shader
  artifactKey: Guid(74ea49ed2f7b0394398bb3656c6b4094) Importer(815301076,1909f56bfc062723c751e8b465ee728b)
Start importing Assets/Shaders/WorleyTexVar6 1.shader using Guid(74ea49ed2f7b0394398bb3656c6b4094) Importer(815301076,1909f56bfc062723c751e8b465ee728b)  -> (artifact id: '29d85d44f4e96fd9910a1e3435b98b73') in 0.001737 seconds
Number of updated asset objects reloaded before import = 0
Number of asset objects unloaded after import = 1
========================================================================
Received Import Request.
  Time since last request: 4.076081 seconds.
  path: Assets/Shaders/WorleyTexVar6-2.shader
  artifactKey: Guid(74ea49ed2f7b0394398bb3656c6b4094) Importer(815301076,1909f56bfc062723c751e8b465ee728b)
Start importing Assets/Shaders/WorleyTexVar6-2.shader using Guid(74ea49ed2f7b0394398bb3656c6b4094) Importer(815301076,1909f56bfc062723c751e8b465ee728b)  -> (artifact id: '29c3fa89284debf48832e8f7200f7caf') in 0.001620 seconds
Number of updated asset objects reloaded before import = 0
Number of asset objects unloaded after import = 1
========================================================================
Received Import Request.
  Time since last request: 11.402419 seconds.
  path: Assets/Materials/Var6-2.mat
  artifactKey: Guid(d9dbb72acf3265949bbc1f242ac34ba1) Importer(815301076,1909f56bfc062723c751e8b465ee728b)
Start importing Assets/Materials/Var6-2.mat using Guid(d9dbb72acf3265949bbc1f242ac34ba1) Importer(815301076,1909f56bfc062723c751e8b465ee728b)  -> (artifact id: 'f8b313be94a31f94989fa8dbc891f6f1') in 0.020441 seconds
Number of updated asset objects reloaded before import = 0
Number of asset objects unloaded after import = 1
========================================================================
Received Import Request.
  Time since last request: 13.855714 seconds.
  path: Assets/Shaders/WorleyTexVar6-2.shader
  artifactKey: Guid(74ea49ed2f7b0394398bb3656c6b4094) Importer(815301076,1909f56bfc062723c751e8b465ee728b)
Start importing Assets/Shaders/WorleyTexVar6-2.shader using Guid(74ea49ed2f7b0394398bb3656c6b4094) Importer(815301076,1909f56bfc062723c751e8b465ee728b)  -> (artifact id: 'eb3e577749e33fc560fefb5429d6d69a') in 0.001757 seconds
Number of updated asset objects reloaded before import = 0
Number of asset objects unloaded after import = 1
========================================================================
Received Import Request.
  Time since last request: 186.593645 seconds.
  path: Assets/Color LUTs/MPL_Greens_labelbar.png
  artifactKey: Guid(1aa12560a7eb0a649b8946c75e3a9668) Importer(815301076,1909f56bfc062723c751e8b465ee728b)
Start importing Assets/Color LUTs/MPL_Greens_labelbar.png using Guid(1aa12560a7eb0a649b8946c75e3a9668) Importer(815301076,1909f56bfc062723c751e8b465ee728b)  -> (artifact id: 'e1c4895f35d2f1ac45472c9040be9160') in 0.049500 seconds
Number of updated asset objects reloaded before import = 0
Number of asset objects unloaded after import = 2
========================================================================
Received Prepare
Begin MonoManager ReloadAssembly
Symbol file LoadedFromMemory doesn't match image C:\Users\kstre\Desktop\School\Fourth Year University\Winter 2024\COMP 4900\Worley-Noise-Exploration\Assignment-1\Library\PackageCache\com.unity.visualscripting@1.8.0\Editor\VisualScripting.Core\Dependencies\YamlDotNet\Unity.VisualScripting.YamlDotNet.dll
Symbol file LoadedFromMemory doesn't match image C:\Users\kstre\Desktop\School\Fourth Year University\Winter 2024\COMP 4900\Worley-Noise-Exploration\Assignment-1\Library\PackageCache\com.unity.visualscripting@1.8.0\Editor\VisualScripting.Core\Dependencies\DotNetZip\Unity.VisualScripting.IonicZip.dll
- Loaded All Assemblies, in  0.709 seconds
Refreshing native plugins compatible for Editor in 5.35 ms, found 3 plugins.
Native extension for WindowsStandalone target not found
Native extension for WebGL target not found
[Package Manager] Server::EnsureServerProcessIsRunning -- launch failed, reason: Unity was launched with the -noUpm command-line argument
[Package Manager] UpmClient::Send -- Unable to send message (not connected to UPM process).
[Package Manager] Cannot connect to Unity Package Manager local server
Mono: successfully reloaded assembly
- Finished resetting the current domain, in  1.089 seconds
Domain Reload Profiling: 1793ms
	BeginReloadAssembly (128ms)
		ExecutionOrderSort (0ms)
		DisableScriptedObjects (3ms)
		BackupInstance (0ms)
		ReleaseScriptingObjects (0ms)
		CreateAndSetChildDomain (32ms)
	RebuildCommonClasses (26ms)
	RebuildNativeTypeToScriptingClass (8ms)
	initialDomainReloadingComplete (35ms)
	LoadAllAssembliesAndSetupDomain (506ms)
		LoadAssemblies (325ms)
		RebuildTransferFunctionScriptingTraits (0ms)
		AnalyzeDomain (233ms)
			TypeCache.Refresh (230ms)
				TypeCache.ScanAssembly (219ms)
			ScanForSourceGeneratedMonoScriptInfo (0ms)
			ResolveRequiredComponents (3ms)
	FinalizeReload (1089ms)
		ReleaseScriptCaches (0ms)
		RebuildScriptCaches (0ms)
		SetupLoadedEditorAssemblies (362ms)
			LogAssemblyErrors (0ms)
			InitializePlatformSupportModulesInManaged (11ms)
			SetLoadedEditorAssemblies (3ms)
			RefreshPlugins (0ms)
			BeforeProcessingInitializeOnLoad (73ms)
			ProcessInitializeOnLoadAttributes (244ms)
			ProcessInitializeOnLoadMethodAttributes (17ms)
			AfterProcessingInitializeOnLoad (14ms)
			EditorAssembliesLoaded (0ms)
		ExecutionOrderSort2 (0ms)
		AwakeInstancesAfterBackupRestoration (10ms)
Refreshing native plugins compatible for Editor in 6.38 ms, found 3 plugins.
Preloading 0 native plugins for Editor in 0.00 ms.
Unloading 3064 Unused Serialized files (Serialized files now loaded: 0)
Unloading 23 unused Assets / (399.4 KB). Loaded Objects now: 3593.
Memory consumption went from 123.7 MB to 123.3 MB.
Total: 3.811900 ms (FindLiveObjects: 0.417000 ms CreateObjectMapping: 0.136000 ms MarkObjects: 3.033700 ms  DeleteObjects: 0.223700 ms)

Prepare: number of updated asset objects reloaded= 0
AssetImportParameters requested are different than current active one (requested -> active):
  custom:container-demuxer-ogg: 62fdf1f143b41e24485cea50d1cbac27 -> 
  custom:video-decoder-ogg-theora: a1e56fd34408186e4bbccfd4996cb3dc -> 
  custom:framework-win-MediaFoundation: 216162199b28c13a410421893ffa2e32 -> 
  custom:container-demuxer-webm: 4f35f7cbe854078d1ac9338744f61a02 -> 
  custom:container-muxer-webm: aa71ff27fc2769a1b78a27578f13a17b -> 
  custom:video-decoder-webm-vp8: 9c59270c3fd7afecdb556c50c9e8de78 -> 
  custom:SearchIndexIgnoredProperties: e643bd26f0fe6173181afceb89e7c659 -> 
  custom:AudioImporter_EditorPlatform: d09bf68614088b80899f8185d706f6e7 -> 
  custom:video-encoder-webm-vp8: eb34c28f22e8b96e1ab97ce403110664 -> 
  custom:audio-decoder-ogg-vorbis: bf7c407c2cedff20999df2af8eb42d56 -> 
  custom:audio-encoder-webm-vorbis: bf7c407c2cedff20999df2af8eb42d56 -> 
========================================================================
Received Import Request.
  Time since last request: 320.559921 seconds.
  path: Assets/Materials/Var6-2.mat
  artifactKey: Guid(d9dbb72acf3265949bbc1f242ac34ba1) Importer(815301076,1909f56bfc062723c751e8b465ee728b)
Start importing Assets/Materials/Var6-2.mat using Guid(d9dbb72acf3265949bbc1f242ac34ba1) Importer(815301076,1909f56bfc062723c751e8b465ee728b)  -> (artifact id: 'c6b296448ff157a9ae55c20ec1d44542') in 0.248574 seconds
Number of updated asset objects reloaded before import = 0
Number of asset objects unloaded after import = 3
========================================================================
Received Import Request.
  Time since last request: 100.057665 seconds.
  path: Assets/Materials/Var6-2-Moss.mat
  artifactKey: Guid(d9dbb72acf3265949bbc1f242ac34ba1) Importer(815301076,1909f56bfc062723c751e8b465ee728b)
Start importing Assets/Materials/Var6-2-Moss.mat using Guid(d9dbb72acf3265949bbc1f242ac34ba1) Importer(815301076,1909f56bfc062723c751e8b465ee728b)  -> (artifact id: 'ddde2f4ba0d0cdc0b443e0ade7ba49b2') in 0.101172 seconds
Number of updated asset objects reloaded before import = 0
Number of asset objects unloaded after import = 3
========================================================================
Received Import Request.
  Time since last request: 5.218331 seconds.
  path: Assets/Materials/Var7-Sun.mat
  artifactKey: Guid(5dbdee5e9dd1d3d42a972fe74575445f) Importer(815301076,1909f56bfc062723c751e8b465ee728b)
Start importing Assets/Materials/Var7-Sun.mat using Guid(5dbdee5e9dd1d3d42a972fe74575445f) Importer(815301076,1909f56bfc062723c751e8b465ee728b)  -> (artifact id: 'ded1ac19c9d43f7b41295d4612db14ea') in 0.108917 seconds
Number of updated asset objects reloaded before import = 0
Number of asset objects unloaded after import = 2
========================================================================
Received Import Request.
  Time since last request: 4.842604 seconds.
  path: Assets/Materials/Var6-Clouds.mat
  artifactKey: Guid(619cf3b178ce6f449916fe461e51d9d4) Importer(815301076,1909f56bfc062723c751e8b465ee728b)
Start importing Assets/Materials/Var6-Clouds.mat using Guid(619cf3b178ce6f449916fe461e51d9d4) Importer(815301076,1909f56bfc062723c751e8b465ee728b)  -> (artifact id: '29c44646c4288e07ef7016d74c642647') in 0.089411 seconds
Number of updated asset objects reloaded before import = 0
Number of asset objects unloaded after import = 2
========================================================================
Received Import Request.
  Time since last request: 5.188661 seconds.
  path: Assets/Materials/Var5-Tiles.mat
  artifactKey: Guid(349447d441c70934184363b7ca19afb1) Importer(815301076,1909f56bfc062723c751e8b465ee728b)
Start importing Assets/Materials/Var5-Tiles.mat using Guid(349447d441c70934184363b7ca19afb1) Importer(815301076,1909f56bfc062723c751e8b465ee728b)  -> (artifact id: '1a77e325ac68fe68b027da941bdfd82d') in 0.069096 seconds
Number of updated asset objects reloaded before import = 0
Number of asset objects unloaded after import = 2
========================================================================
Received Import Request.
  Time since last request: 5.740410 seconds.
  path: Assets/Materials/Var4-Tiles.mat
  artifactKey: Guid(6128be898cb6d834bab83e6aa1951f28) Importer(815301076,1909f56bfc062723c751e8b465ee728b)
Start importing Assets/Materials/Var4-Tiles.mat using Guid(6128be898cb6d834bab83e6aa1951f28) Importer(815301076,1909f56bfc062723c751e8b465ee728b)  -> (artifact id: '87d3611bfcc9d4d92cf3bcfad798e540') in 0.048632 seconds
Number of updated asset objects reloaded before import = 0
Number of asset objects unloaded after import = 2
========================================================================
Received Import Request.
  Time since last request: 5.179626 seconds.
  path: Assets/Materials/Var3Cells.mat
  artifactKey: Guid(8494612a1cfa09d4683fd84331e7c232) Importer(815301076,1909f56bfc062723c751e8b465ee728b)
Start importing Assets/Materials/Var3Cells.mat using Guid(8494612a1cfa09d4683fd84331e7c232) Importer(815301076,1909f56bfc062723c751e8b465ee728b)  -> (artifact id: '350af1b486ee62d1df85f7da3cfeae4e') in 0.063625 seconds
Number of updated asset objects reloaded before import = 0
Number of asset objects unloaded after import = 2
========================================================================
Received Import Request.
  Time since last request: 4.944832 seconds.
  path: Assets/Materials/Var3-Cells.mat
  artifactKey: Guid(8494612a1cfa09d4683fd84331e7c232) Importer(815301076,1909f56bfc062723c751e8b465ee728b)
Start importing Assets/Materials/Var3-Cells.mat using Guid(8494612a1cfa09d4683fd84331e7c232) Importer(815301076,1909f56bfc062723c751e8b465ee728b)  -> (artifact id: '39487caf6564b05504f0a3688d2955d2') in 0.009976 seconds
Number of updated asset objects reloaded before import = 0
Number of asset objects unloaded after import = 2
========================================================================
Received Import Request.
  Time since last request: 6.874258 seconds.
  path: Assets/Materials/Var2-Mosaic.mat
  artifactKey: Guid(6d9e01919c207294d8f10dcb62c3db25) Importer(815301076,1909f56bfc062723c751e8b465ee728b)
Start importing Assets/Materials/Var2-Mosaic.mat using Guid(6d9e01919c207294d8f10dcb62c3db25) Importer(815301076,1909f56bfc062723c751e8b465ee728b)  -> (artifact id: '1284320c7200c012f6f5604dcdc7b556') in 0.011216 seconds
Number of updated asset objects reloaded before import = 0
Number of asset objects unloaded after import = 2
========================================================================
Received Import Request.
  Time since last request: 5.065024 seconds.
  path: Assets/Materials/Var1-2-Sky.mat
  artifactKey: Guid(36c08547e9239e14c979cb2d7c711ebf) Importer(815301076,1909f56bfc062723c751e8b465ee728b)
Start importing Assets/Materials/Var1-2-Sky.mat using Guid(36c08547e9239e14c979cb2d7c711ebf) Importer(815301076,1909f56bfc062723c751e8b465ee728b)  -> (artifact id: '6139512fafe774663d52df0441371040') in 0.059884 seconds
Number of updated asset objects reloaded before import = 0
Number of asset objects unloaded after import = 2
========================================================================
Received Import Request.
  Time since last request: 6.522507 seconds.
  path: Assets/Materials/Var1-Eww.mat
  artifactKey: Guid(e3041f489e0d3d246be6741d2c59bc08) Importer(815301076,1909f56bfc062723c751e8b465ee728b)
Start importing Assets/Materials/Var1-Eww.mat using Guid(e3041f489e0d3d246be6741d2c59bc08) Importer(815301076,1909f56bfc062723c751e8b465ee728b)  -> (artifact id: '4c756c011e6bdf2023efcc64e5565727') in 0.011513 seconds
Number of updated asset objects reloaded before import = 0
Number of asset objects unloaded after import = 2
========================================================================
Received Import Request.
  Time since last request: 106.681307 seconds.
  path: Assets/Materials/Var6-2-Moss.mat
  artifactKey: Guid(d9dbb72acf3265949bbc1f242ac34ba1) Importer(815301076,1909f56bfc062723c751e8b465ee728b)
Start importing Assets/Materials/Var6-2-Moss.mat using Guid(d9dbb72acf3265949bbc1f242ac34ba1) Importer(815301076,1909f56bfc062723c751e8b465ee728b)  -> (artifact id: '8c7e44048af3593e198d813a34c6c163') in 0.240879 seconds
Number of updated asset objects reloaded before import = 0
Number of asset objects unloaded after import = 3
========================================================================
Received Import Request.
  Time since last request: 167.245293 seconds.
  path: Assets/Materials/Var5-Tiles 1.mat
  artifactKey: Guid(e662e5b471bb76b40b61c82a165ab31c) Importer(815301076,1909f56bfc062723c751e8b465ee728b)
Start importing Assets/Materials/Var5-Tiles 1.mat using Guid(e662e5b471bb76b40b61c82a165ab31c) Importer(815301076,1909f56bfc062723c751e8b465ee728b)  -> (artifact id: 'b29e25bd09137b5d7006671e80f58a06') in 0.092782 seconds
Number of updated asset objects reloaded before import = 0
Number of asset objects unloaded after import = 2
========================================================================
Received Import Request.
  Time since last request: 10.212923 seconds.
  path: Assets/Materials/Var5-Mossy-Tiles.mat
  artifactKey: Guid(e662e5b471bb76b40b61c82a165ab31c) Importer(815301076,1909f56bfc062723c751e8b465ee728b)
Start importing Assets/Materials/Var5-Mossy-Tiles.mat using Guid(e662e5b471bb76b40b61c82a165ab31c) Importer(815301076,1909f56bfc062723c751e8b465ee728b)  -> (artifact id: '28d10d15ed34b3051a93f19a580e7030') in 0.100136 seconds
Number of updated asset objects reloaded before import = 0
Number of asset objects unloaded after import = 2
========================================================================
Received Import Request.
  Time since last request: 11.015498 seconds.
  path: Assets/Shaders/WorleyTexVar6-2.shader
  artifactKey: Guid(74ea49ed2f7b0394398bb3656c6b4094) Importer(815301076,1909f56bfc062723c751e8b465ee728b)
Start importing Assets/Shaders/WorleyTexVar6-2.shader using Guid(74ea49ed2f7b0394398bb3656c6b4094) Importer(815301076,1909f56bfc062723c751e8b465ee728b)  -> (artifact id: '3282ac03a7385b8d68be53fd8761b670') in 0.002002 seconds
Number of updated asset objects reloaded before import = 0
Number of asset objects unloaded after import = 1
========================================================================
Received Import Request.
  Time since last request: 3.424688 seconds.
  path: Assets/Shaders/WorleyTexVar5.shader
  artifactKey: Guid(2af086c831fc6c745aba2c0b7e6aa5d8) Importer(815301076,1909f56bfc062723c751e8b465ee728b)
Start importing Assets/Shaders/WorleyTexVar5.shader using Guid(2af086c831fc6c745aba2c0b7e6aa5d8) Importer(815301076,1909f56bfc062723c751e8b465ee728b)  -> (artifact id: 'ad3a6d96608abaf98ec5c49955995e85') in 0.001124 seconds
Number of updated asset objects reloaded before import = 0
Number of asset objects unloaded after import = 0
========================================================================
Received Import Request.
  Time since last request: 0.930356 seconds.
  path: Assets/Shaders/WorleyTexVar4.shader
  artifactKey: Guid(9db810c033c5e2c4ebd22a03a2db65fb) Importer(815301076,1909f56bfc062723c751e8b465ee728b)
Start importing Assets/Shaders/WorleyTexVar4.shader using Guid(9db810c033c5e2c4ebd22a03a2db65fb) Importer(815301076,1909f56bfc062723c751e8b465ee728b)  -> (artifact id: 'dc52c18c768fb59496a7781194d70a84') in 0.000779 seconds
Number of updated asset objects reloaded before import = 0
Number of asset objects unloaded after import = 0
========================================================================
Received Import Request.
  Time since last request: 4.208958 seconds.
  path: Assets/Shaders/WorleyTexVar5 1.shader
  artifactKey: Guid(8a9e9bf975c88b24cb78fdd8901997dc) Importer(815301076,1909f56bfc062723c751e8b465ee728b)
Start importing Assets/Shaders/WorleyTexVar5 1.shader using Guid(8a9e9bf975c88b24cb78fdd8901997dc) Importer(815301076,1909f56bfc062723c751e8b465ee728b)  -> (artifact id: '0f5215a223431e8ee2a42e1118f203af') in 0.001811 seconds
Number of updated asset objects reloaded before import = 0
Number of asset objects unloaded after import = 1
========================================================================
Received Import Request.
  Time since last request: 9.101696 seconds.
  path: Assets/Shaders/WorleyTexVar8.shader
  artifactKey: Guid(8a9e9bf975c88b24cb78fdd8901997dc) Importer(815301076,1909f56bfc062723c751e8b465ee728b)
Start importing Assets/Shaders/WorleyTexVar8.shader using Guid(8a9e9bf975c88b24cb78fdd8901997dc) Importer(815301076,1909f56bfc062723c751e8b465ee728b)  -> (artifact id: 'd743d4b4997ff19db5ddb734dbbbedc5') in 0.001769 seconds
Number of updated asset objects reloaded before import = 0
Number of asset objects unloaded after import = 1
========================================================================
Received Import Request.
  Time since last request: 16.332884 seconds.
  path: Assets/Materials/Var8-Mossy-Tiles.mat
  artifactKey: Guid(e662e5b471bb76b40b61c82a165ab31c) Importer(815301076,1909f56bfc062723c751e8b465ee728b)
Start importing Assets/Materials/Var8-Mossy-Tiles.mat using Guid(e662e5b471bb76b40b61c82a165ab31c) Importer(815301076,1909f56bfc062723c751e8b465ee728b)  -> (artifact id: '637b9287986d9efa0d5b264f3df7b251') in 0.009976 seconds
Number of updated asset objects reloaded before import = 0
Number of asset objects unloaded after import = 2
========================================================================
Received Import Request.
  Time since last request: 23.170764 seconds.
  path: Assets/Shaders/WorleyTexVar8.shader
  artifactKey: Guid(8a9e9bf975c88b24cb78fdd8901997dc) Importer(815301076,1909f56bfc062723c751e8b465ee728b)
Start importing Assets/Shaders/WorleyTexVar8.shader using Guid(8a9e9bf975c88b24cb78fdd8901997dc) Importer(815301076,1909f56bfc062723c751e8b465ee728b)  -> (artifact id: '7df29b8a8dee370cee7eea86df91a35a') in 0.001905 seconds
Number of updated asset objects reloaded before import = 0
Number of asset objects unloaded after import = 1
========================================================================
Received Import Request.
  Time since last request: 690.822325 seconds.
  path: Assets/Materials/Var2-Mosaic 1.mat
  artifactKey: Guid(1a4bfdacd7a5fd04391566a60043717b) Importer(815301076,1909f56bfc062723c751e8b465ee728b)
Start importing Assets/Materials/Var2-Mosaic 1.mat using Guid(1a4bfdacd7a5fd04391566a60043717b) Importer(815301076,1909f56bfc062723c751e8b465ee728b)  -> (artifact id: 'a6f37433f3fb27e22238ade2f6f2c858') in 0.083037 seconds
Number of updated asset objects reloaded before import = 0
Number of asset objects unloaded after import = 2
========================================================================
Received Import Request.
  Time since last request: 19.197692 seconds.
  path: Assets/Materials/Var2-2-Cystal.mat
  artifactKey: Guid(1a4bfdacd7a5fd04391566a60043717b) Importer(815301076,1909f56bfc062723c751e8b465ee728b)
Start importing Assets/Materials/Var2-2-Cystal.mat using Guid(1a4bfdacd7a5fd04391566a60043717b) Importer(815301076,1909f56bfc062723c751e8b465ee728b)  -> (artifact id: '57b218b1f586c2ea2313aa81da564d7c') in 0.067966 seconds
Number of updated asset objects reloaded before import = 0
Number of asset objects unloaded after import = 2
========================================================================
Received Import Request.
  Time since last request: 12.747995 seconds.
  path: Assets/Shaders/WorleyTexVar1-2.shader
  artifactKey: Guid(3a542e08033fa644daa9fc02a2b0c005) Importer(815301076,1909f56bfc062723c751e8b465ee728b)
Start importing Assets/Shaders/WorleyTexVar1-2.shader using Guid(3a542e08033fa644daa9fc02a2b0c005) Importer(815301076,1909f56bfc062723c751e8b465ee728b)  -> (artifact id: 'e9d3a645e756f58930a2c198eab180ed') in 0.000990 seconds
Number of updated asset objects reloaded before import = 0
Number of asset objects unloaded after import = 0
========================================================================
Received Import Request.
  Time since last request: 4.061563 seconds.
  path: Assets/Shaders/WorleyTexVar2 1.shader
  artifactKey: Guid(6fed5a679c6143f4aaf986362a33358c) Importer(815301076,1909f56bfc062723c751e8b465ee728b)
Start importing Assets/Shaders/WorleyTexVar2 1.shader using Guid(6fed5a679c6143f4aaf986362a33358c) Importer(815301076,1909f56bfc062723c751e8b465ee728b)  -> (artifact id: '3f1c853a3f64e6f5faa62f71db1ff857') in 0.001818 seconds
Number of updated asset objects reloaded before import = 0
Number of asset objects unloaded after import = 1
========================================================================
Received Import Request.
  Time since last request: 4.778805 seconds.
  path: Assets/Shaders/WorleyTexVar2-2.shader
  artifactKey: Guid(6fed5a679c6143f4aaf986362a33358c) Importer(815301076,1909f56bfc062723c751e8b465ee728b)
Start importing Assets/Shaders/WorleyTexVar2-2.shader using Guid(6fed5a679c6143f4aaf986362a33358c) Importer(815301076,1909f56bfc062723c751e8b465ee728b)  -> (artifact id: '474b1be51fd75565170f3b9fbf522ce9') in 0.001672 seconds
Number of updated asset objects reloaded before import = 0
Number of asset objects unloaded after import = 1
========================================================================
Received Import Request.
  Time since last request: 28.945099 seconds.
  path: Assets/Shaders/WorleyTexVar2-2.shader
  artifactKey: Guid(6fed5a679c6143f4aaf986362a33358c) Importer(815301076,1909f56bfc062723c751e8b465ee728b)
Start importing Assets/Shaders/WorleyTexVar2-2.shader using Guid(6fed5a679c6143f4aaf986362a33358c) Importer(815301076,1909f56bfc062723c751e8b465ee728b)  -> (artifact id: '76aa2561ba9f367cd6abcfcd142d2a7e') in 0.001933 seconds
Number of updated asset objects reloaded before import = 0
Number of asset objects unloaded after import = 1
========================================================================
Received Prepare
Begin MonoManager ReloadAssembly
Symbol file LoadedFromMemory doesn't match image C:\Users\kstre\Desktop\School\Fourth Year University\Winter 2024\COMP 4900\Worley-Noise-Exploration\Assignment-1\Library\PackageCache\com.unity.visualscripting@1.8.0\Editor\VisualScripting.Core\Dependencies\YamlDotNet\Unity.VisualScripting.YamlDotNet.dll
Symbol file LoadedFromMemory doesn't match image C:\Users\kstre\Desktop\School\Fourth Year University\Winter 2024\COMP 4900\Worley-Noise-Exploration\Assignment-1\Library\PackageCache\com.unity.visualscripting@1.8.0\Editor\VisualScripting.Core\Dependencies\DotNetZip\Unity.VisualScripting.IonicZip.dll
- Loaded All Assemblies, in  0.739 seconds
Refreshing native plugins compatible for Editor in 5.45 ms, found 3 plugins.
Native extension for WindowsStandalone target not found
Native extension for WebGL target not found
[Package Manager] Server::EnsureServerProcessIsRunning -- launch failed, reason: Unity was launched with the -noUpm command-line argument
[Package Manager] UpmClient::Send -- Unable to send message (not connected to UPM process).
[Package Manager] Cannot connect to Unity Package Manager local server
Mono: successfully reloaded assembly
- Finished resetting the current domain, in  1.162 seconds
Domain Reload Profiling: 1895ms
	BeginReloadAssembly (128ms)
		ExecutionOrderSort (0ms)
		DisableScriptedObjects (3ms)
		BackupInstance (0ms)
		ReleaseScriptingObjects (0ms)
		CreateAndSetChildDomain (32ms)
	RebuildCommonClasses (31ms)
	RebuildNativeTypeToScriptingClass (8ms)
	initialDomainReloadingComplete (35ms)
	LoadAllAssembliesAndSetupDomain (530ms)
		LoadAssemblies (324ms)
		RebuildTransferFunctionScriptingTraits (0ms)
		AnalyzeDomain (255ms)
			TypeCache.Refresh (251ms)
				TypeCache.ScanAssembly (239ms)
			ScanForSourceGeneratedMonoScriptInfo (0ms)
			ResolveRequiredComponents (4ms)
	FinalizeReload (1163ms)
		ReleaseScriptCaches (0ms)
		RebuildScriptCaches (0ms)
		SetupLoadedEditorAssemblies (375ms)
			LogAssemblyErrors (0ms)
			InitializePlatformSupportModulesInManaged (10ms)
			SetLoadedEditorAssemblies (3ms)
			RefreshPlugins (0ms)
			BeforeProcessingInitializeOnLoad (66ms)
			ProcessInitializeOnLoadAttributes (257ms)
			ProcessInitializeOnLoadMethodAttributes (19ms)
			AfterProcessingInitializeOnLoad (19ms)
			EditorAssembliesLoaded (0ms)
		ExecutionOrderSort2 (0ms)
		AwakeInstancesAfterBackupRestoration (15ms)
Refreshing native plugins compatible for Editor in 5.26 ms, found 3 plugins.
Preloading 0 native plugins for Editor in 0.00 ms.
Unloading 3065 Unused Serialized files (Serialized files now loaded: 0)
Unloading 23 unused Assets / (392.0 KB). Loaded Objects now: 3597.
Memory consumption went from 124.3 MB to 123.9 MB.
Total: 2.729100 ms (FindLiveObjects: 0.205200 ms CreateObjectMapping: 0.105700 ms MarkObjects: 2.206200 ms  DeleteObjects: 0.211100 ms)

Prepare: number of updated asset objects reloaded= 0
AssetImportParameters requested are different than current active one (requested -> active):
  custom:container-demuxer-ogg: 62fdf1f143b41e24485cea50d1cbac27 -> 
  custom:video-decoder-ogg-theora: a1e56fd34408186e4bbccfd4996cb3dc -> 
  custom:framework-win-MediaFoundation: 216162199b28c13a410421893ffa2e32 -> 
  custom:container-demuxer-webm: 4f35f7cbe854078d1ac9338744f61a02 -> 
  custom:container-muxer-webm: aa71ff27fc2769a1b78a27578f13a17b -> 
  custom:video-decoder-webm-vp8: 9c59270c3fd7afecdb556c50c9e8de78 -> 
  custom:SearchIndexIgnoredProperties: e643bd26f0fe6173181afceb89e7c659 -> 
  custom:AudioImporter_EditorPlatform: d09bf68614088b80899f8185d706f6e7 -> 
  custom:video-encoder-webm-vp8: eb34c28f22e8b96e1ab97ce403110664 -> 
  custom:audio-decoder-ogg-vorbis: bf7c407c2cedff20999df2af8eb42d56 -> 
  custom:audio-encoder-webm-vorbis: bf7c407c2cedff20999df2af8eb42d56 -> 
